input.txt encrypted.txt -e DES CBC 9
encrypted.txt decrypted.txt -d DES CBC 11
encrypted.txt decrypted.txt -d DES CBC 10
encrypted.txt decrypted.txt -d DES CBC 10
encrypted.txt decrypted.txt -d DES CBC 9
encrypted.txt decrypted.txt -d DES CBC 10
encrypted.txt decrypted.txt -d DES CBC 11
encrypted.txt decrypted.txt -d DES CBC 9
input.txt encrypted.txt -e DES CBC 15
encrypted.txt output.txt -d DES CBC 15
input.txt encrypted.txt -e DES CBC 16
encrypted.txt out.txt -d DES CBC 15
encrypted.txt out.txt -d DES CBC 0
input.txt encrypted.txt -e DES CBC 16
encrypted.txt out.txt -d DES CBC 15
input.txt encrypted.txt -e DES CBC 0
encrypted.txt out.txt -d DES CBC 0
input.txt encrypted.txt -e 3DES CBC 16
encrypted.txt output.txt -d 3DES CBC 15
input.txt encrypted.txt -e DES CFB 18
encrypted.txt out.txt -d DES CFB 16
input.txt encrypted.txt -e 3DES CFB 15
encrypted.txt out.txt -d 3DES CFB 0
input.txt encrypted.txt -e DES OFB 16
encrypted.txt out.txt -d DES OFB 15
input.txt encrypted.txt -e DES OFB 15
input.txt encrypted.txt -e 3DES OFB 15
encrypted.txt out.txt -d 3DES OFB 0
input.txt encrypted.txt -e DES CTR 15
encrypted.txt out.txt -d DES CTR 15
input.txt encrypted.txt -e 3DES CTR 15
encrypted.txt out.txt -d 3DES CTR 10